{"/Users/rdong/Documents/Github/pigment/server/src/config.ts": {"path":"/Users/rdong/Documents/Github/pigment/server/src/config.ts","statementMap":{"0":{"start":{"line":1,"column":22},"end":{"line":7,"column":null}}},"fnMap":{},"branchMap":{"0":{"loc":{"start":{"line":2,"column":8},"end":{"line":2,"column":null}},"type":"binary-expr","locations":[{"start":{"line":2,"column":8},"end":{"line":2,"column":28}},{"start":{"line":2,"column":28},"end":{"line":2,"column":null}}],"line":2},"1":{"loc":{"start":{"line":3,"column":13},"end":{"line":3,"column":null}},"type":"binary-expr","locations":[{"start":{"line":3,"column":13},"end":{"line":3,"column":39}},{"start":{"line":3,"column":39},"end":{"line":3,"column":null}}],"line":3}},"s":{"0":1},"f":{},"b":{"0":[1,1],"1":[1,1]},"meta":{"lastBranch":2,"lastFunction":0,"lastStatement":1,"seen":{"s:1:22:7:Infinity":0,"b:2:8:2:28:2:28:2:Infinity":0,"b:3:13:3:39:3:39:3:Infinity":1}}}
,"/Users/rdong/Documents/Github/pigment/server/src/db/database.ts": {"path":"/Users/rdong/Documents/Github/pigment/server/src/db/database.ts","statementMap":{"0":{"start":{"line":8,"column":2},"end":{"line":11,"column":null}},"1":{"start":{"line":13,"column":2},"end":{"line":13,"column":null}},"2":{"start":{"line":17,"column":2},"end":{"line":18,"column":null}},"3":{"start":{"line":18,"column":4},"end":{"line":18,"column":null}},"4":{"start":{"line":20,"column":2},"end":{"line":20,"column":null}}},"fnMap":{"0":{"name":"initDB","decl":{"start":{"line":7,"column":22},"end":{"line":7,"column":31}},"loc":{"start":{"line":7,"column":31},"end":{"line":13,"column":null}},"line":7},"1":{"name":"getDB","decl":{"start":{"line":16,"column":16},"end":{"line":16,"column":24}},"loc":{"start":{"line":16,"column":24},"end":{"line":20,"column":null}},"line":16}},"branchMap":{"0":{"loc":{"start":{"line":17,"column":2},"end":{"line":18,"column":null}},"type":"if","locations":[{"start":{"line":17,"column":2},"end":{"line":18,"column":null}},{"start":{},"end":{}}],"line":17}},"s":{"0":2,"1":2,"2":1,"3":0,"4":1},"f":{"0":2,"1":1},"b":{"0":[0,1]},"meta":{"lastBranch":1,"lastFunction":2,"lastStatement":5,"seen":{"f:7:22:7:31":0,"s:8:2:11:Infinity":0,"s:13:2:13:Infinity":1,"f:16:16:16:24":1,"b:17:2:18:Infinity:undefined:undefined:undefined:undefined":0,"s:17:2:18:Infinity":2,"s:18:4:18:Infinity":3,"s:20:2:20:Infinity":4}}}
,"/Users/rdong/Documents/Github/pigment/server/src/db/schema.ts": {"path":"/Users/rdong/Documents/Github/pigment/server/src/db/schema.ts","statementMap":{"0":{"start":{"line":5,"column":8},"end":{"line":5,"column":20}},"1":{"start":{"line":7,"column":2},"end":{"line":31,"column":null}}},"fnMap":{"0":{"name":"createTables","decl":{"start":{"line":4,"column":22},"end":{"line":4,"column":37}},"loc":{"start":{"line":4,"column":37},"end":{"line":31,"column":null}},"line":4}},"branchMap":{},"s":{"0":5,"1":5},"f":{"0":5},"b":{},"meta":{"lastBranch":0,"lastFunction":1,"lastStatement":2,"seen":{"f:4:22:4:37":0,"s:5:8:5:20":0,"s:7:2:31:Infinity":1}}}
,"/Users/rdong/Documents/Github/pigment/server/src/db/session-state.ts": {"path":"/Users/rdong/Documents/Github/pigment/server/src/db/session-state.ts","statementMap":{"0":{"start":{"line":59,"column":14},"end":{"line":59,"column":48}},"1":{"start":{"line":60,"column":22},"end":{"line":60,"column":55}},"2":{"start":{"line":61,"column":26},"end":{"line":61,"column":null}},"3":{"start":{"line":64,"column":2},"end":{"line":64,"column":null}},"4":{"start":{"line":68,"column":17},"end":{"line":68,"column":37}},"5":{"start":{"line":69,"column":2},"end":{"line":70,"column":null}},"6":{"start":{"line":70,"column":4},"end":{"line":70,"column":null}},"7":{"start":{"line":73,"column":8},"end":{"line":73,"column":20}},"8":{"start":{"line":74,"column":14},"end":{"line":76,"column":null}},"9":{"start":{"line":78,"column":15},"end":{"line":78,"column":76}},"10":{"start":{"line":79,"column":2},"end":{"line":79,"column":null}},"11":{"start":{"line":80,"column":2},"end":{"line":80,"column":null}},"12":{"start":{"line":85,"column":19},"end":{"line":85,"column":47}},"13":{"start":{"line":86,"column":2},"end":{"line":87,"column":null}},"14":{"start":{"line":87,"column":4},"end":{"line":87,"column":null}},"15":{"start":{"line":89,"column":12},"end":{"line":92,"column":23}},"16":{"start":{"line":90,"column":4},"end":{"line":90,"column":null}},"17":{"start":{"line":91,"column":4},"end":{"line":91,"column":null}},"18":{"start":{"line":93,"column":2},"end":{"line":93,"column":null}},"19":{"start":{"line":97,"column":15},"end":{"line":97,"column":35}},"20":{"start":{"line":98,"column":2},"end":{"line":99,"column":null}},"21":{"start":{"line":99,"column":4},"end":{"line":99,"column":null}},"22":{"start":{"line":101,"column":8},"end":{"line":101,"column":20}},"23":{"start":{"line":102,"column":2},"end":{"line":113,"column":null}},"24":{"start":{"line":103,"column":4},"end":{"line":111,"column":null}},"25":{"start":{"line":113,"column":4},"end":{"line":113,"column":null}},"26":{"start":{"line":141,"column":15},"end":{"line":141,"column":44}},"27":{"start":{"line":142,"column":16},"end":{"line":142,"column":null}},"28":{"start":{"line":144,"column":2},"end":{"line":235,"column":null}},"29":{"start":{"line":146,"column":30},"end":{"line":146,"column":null}},"30":{"start":{"line":147,"column":23},"end":{"line":153,"column":null}},"31":{"start":{"line":155,"column":6},"end":{"line":156,"column":null}},"32":{"start":{"line":155,"column":39},"end":{"line":155,"column":62}},"33":{"start":{"line":156,"column":8},"end":{"line":156,"column":null}},"34":{"start":{"line":158,"column":6},"end":{"line":158,"column":null}},"35":{"start":{"line":159,"column":6},"end":{"line":159,"column":null}},"36":{"start":{"line":163,"column":18},"end":{"line":163,"column":54}},"37":{"start":{"line":164,"column":6},"end":{"line":165,"column":null}},"38":{"start":{"line":165,"column":8},"end":{"line":165,"column":null}},"39":{"start":{"line":167,"column":6},"end":{"line":168,"column":null}},"40":{"start":{"line":168,"column":8},"end":{"line":168,"column":null}},"41":{"start":{"line":168,"column":76},"end":{"line":168,"column":90}},"42":{"start":{"line":170,"column":6},"end":{"line":170,"column":null}},"43":{"start":{"line":174,"column":60},"end":{"line":174,"column":77}},"44":{"start":{"line":175,"column":6},"end":{"line":176,"column":null}},"45":{"start":{"line":176,"column":8},"end":{"line":176,"column":null}},"46":{"start":{"line":178,"column":22},"end":{"line":178,"column":65}},"47":{"start":{"line":178,"column":47},"end":{"line":178,"column":63}},"48":{"start":{"line":179,"column":6},"end":{"line":185,"column":null}},"49":{"start":{"line":180,"column":8},"end":{"line":185,"column":null}},"50":{"start":{"line":183,"column":12},"end":{"line":183,"column":null}},"51":{"start":{"line":187,"column":6},"end":{"line":187,"column":null}},"52":{"start":{"line":191,"column":6},"end":{"line":192,"column":null}},"53":{"start":{"line":192,"column":8},"end":{"line":192,"column":null}},"54":{"start":{"line":194,"column":6},"end":{"line":194,"column":null}},"55":{"start":{"line":195,"column":6},"end":{"line":195,"column":null}},"56":{"start":{"line":196,"column":6},"end":{"line":196,"column":null}},"57":{"start":{"line":200,"column":6},"end":{"line":201,"column":null}},"58":{"start":{"line":200,"column":34},"end":{"line":200,"column":56}},"59":{"start":{"line":201,"column":8},"end":{"line":201,"column":null}},"60":{"start":{"line":203,"column":6},"end":{"line":203,"column":null}},"61":{"start":{"line":204,"column":6},"end":{"line":204,"column":null}},"62":{"start":{"line":207,"column":18},"end":{"line":207,"column":68}},"63":{"start":{"line":207,"column":47},"end":{"line":207,"column":68}},"64":{"start":{"line":208,"column":6},"end":{"line":209,"column":null}},"65":{"start":{"line":209,"column":8},"end":{"line":209,"column":null}},"66":{"start":{"line":211,"column":6},"end":{"line":211,"column":null}},"67":{"start":{"line":212,"column":6},"end":{"line":212,"column":null}},"68":{"start":{"line":216,"column":6},"end":{"line":217,"column":null}},"69":{"start":{"line":216,"column":33},"end":{"line":216,"column":60}},"70":{"start":{"line":217,"column":8},"end":{"line":217,"column":null}},"71":{"start":{"line":219,"column":6},"end":{"line":219,"column":null}},"72":{"start":{"line":220,"column":6},"end":{"line":220,"column":null}},"73":{"start":{"line":223,"column":20},"end":{"line":223,"column":null}},"74":{"start":{"line":224,"column":6},"end":{"line":225,"column":null}},"75":{"start":{"line":225,"column":8},"end":{"line":225,"column":null}},"76":{"start":{"line":227,"column":6},"end":{"line":230,"column":null}},"77":{"start":{"line":231,"column":6},"end":{"line":231,"column":null}},"78":{"start":{"line":235,"column":6},"end":{"line":235,"column":null}},"79":{"start":{"line":238,"column":2},"end":{"line":239,"column":null}},"80":{"start":{"line":239,"column":4},"end":{"line":239,"column":null}},"81":{"start":{"line":241,"column":2},"end":{"line":241,"column":null}},"82":{"start":{"line":246,"column":14},"end":{"line":246,"column":46}},"83":{"start":{"line":247,"column":2},"end":{"line":253,"column":null}},"84":{"start":{"line":248,"column":14},"end":{"line":248,"column":35}},"85":{"start":{"line":249,"column":4},"end":{"line":250,"column":null}},"86":{"start":{"line":250,"column":6},"end":{"line":250,"column":null}},"87":{"start":{"line":252,"column":4},"end":{"line":252,"column":null}},"88":{"start":{"line":253,"column":4},"end":{"line":253,"column":null}}},"fnMap":{"0":{"name":"empty","decl":{"start":{"line":63,"column":9},"end":{"line":63,"column":34}},"loc":{"start":{"line":63,"column":34},"end":{"line":64,"column":null}},"line":63},"1":{"name":"loadSnapshot","decl":{"start":{"line":67,"column":22},"end":{"line":67,"column":35}},"loc":{"start":{"line":67,"column":80},"end":{"line":80,"column":null}},"line":67},"2":{"name":"schedulePersist","decl":{"start":{"line":84,"column":9},"end":{"line":84,"column":25}},"loc":{"start":{"line":84,"column":44},"end":{"line":93,"column":null}},"line":84},"3":{"name":"(anonymous_3)","decl":{"start":{"line":89,"column":12},"end":{"line":89,"column":29}},"loc":{"start":{"line":89,"column":29},"end":{"line":92,"column":23}},"line":89},"4":{"name":"persistNow","decl":{"start":{"line":96,"column":15},"end":{"line":96,"column":26}},"loc":{"start":{"line":96,"column":45},"end":{"line":113,"column":null}},"line":96},"5":{"name":"applyMessage","decl":{"start":{"line":140,"column":22},"end":{"line":140,"column":35}},"loc":{"start":{"line":140,"column":94},"end":{"line":241,"column":null}},"line":140},"6":{"name":"(anonymous_6)","decl":{"start":{"line":155,"column":27},"end":{"line":155,"column":33}},"loc":{"start":{"line":155,"column":39},"end":{"line":155,"column":62}},"line":155},"7":{"name":"(anonymous_7)","decl":{"start":{"line":168,"column":62},"end":{"line":168,"column":70}},"loc":{"start":{"line":168,"column":76},"end":{"line":168,"column":90}},"line":168},"8":{"name":"(anonymous_8)","decl":{"start":{"line":178,"column":36},"end":{"line":178,"column":41}},"loc":{"start":{"line":178,"column":47},"end":{"line":178,"column":63}},"line":178},"9":{"name":"(anonymous_9)","decl":{"start":{"line":182,"column":33},"end":{"line":182,"column":38}},"loc":{"start":{"line":183,"column":12},"end":{"line":183,"column":null}},"line":183},"10":{"name":"(anonymous_10)","decl":{"start":{"line":200,"column":22},"end":{"line":200,"column":28}},"loc":{"start":{"line":200,"column":34},"end":{"line":200,"column":56}},"line":200},"11":{"name":"(anonymous_11)","decl":{"start":{"line":207,"column":30},"end":{"line":207,"column":41}},"loc":{"start":{"line":207,"column":47},"end":{"line":207,"column":68}},"line":207},"12":{"name":"(anonymous_12)","decl":{"start":{"line":216,"column":21},"end":{"line":216,"column":27}},"loc":{"start":{"line":216,"column":33},"end":{"line":216,"column":60}},"line":216},"13":{"name":"flushAll","decl":{"start":{"line":245,"column":22},"end":{"line":245,"column":48}},"loc":{"start":{"line":245,"column":48},"end":{"line":253,"column":null}},"line":245}},"branchMap":{"0":{"loc":{"start":{"line":69,"column":2},"end":{"line":70,"column":null}},"type":"if","locations":[{"start":{"line":69,"column":2},"end":{"line":70,"column":null}},{"start":{},"end":{}}],"line":69},"1":{"loc":{"start":{"line":78,"column":15},"end":{"line":78,"column":76}},"type":"cond-expr","locations":[{"start":{"line":78,"column":22},"end":{"line":78,"column":46}},{"start":{"line":78,"column":69},"end":{"line":78,"column":76}}],"line":78},"2":{"loc":{"start":{"line":86,"column":2},"end":{"line":87,"column":null}},"type":"if","locations":[{"start":{"line":86,"column":2},"end":{"line":87,"column":null}},{"start":{},"end":{}}],"line":86},"3":{"loc":{"start":{"line":98,"column":2},"end":{"line":99,"column":null}},"type":"if","locations":[{"start":{"line":98,"column":2},"end":{"line":99,"column":null}},{"start":{},"end":{}}],"line":98},"4":{"loc":{"start":{"line":144,"column":2},"end":{"line":235,"column":null}},"type":"switch","locations":[{"start":{"line":145,"column":4},"end":{"line":159,"column":null}},{"start":{"line":162,"column":4},"end":{"line":170,"column":null}},{"start":{"line":173,"column":4},"end":{"line":187,"column":null}},{"start":{"line":190,"column":4},"end":{"line":196,"column":null}},{"start":{"line":199,"column":4},"end":{"line":204,"column":null}},{"start":{"line":206,"column":4},"end":{"line":212,"column":null}},{"start":{"line":215,"column":4},"end":{"line":220,"column":null}},{"start":{"line":222,"column":4},"end":{"line":231,"column":null}},{"start":{"line":234,"column":4},"end":{"line":235,"column":null}}],"line":144},"5":{"loc":{"start":{"line":146,"column":30},"end":{"line":146,"column":null}},"type":"binary-expr","locations":[{"start":{"line":146,"column":30},"end":{"line":146,"column":45}},{"start":{"line":146,"column":45},"end":{"line":146,"column":null}}],"line":146},"6":{"loc":{"start":{"line":147,"column":23},"end":{"line":153,"column":null}},"type":"binary-expr","locations":[{"start":{"line":147,"column":23},"end":{"line":147,"column":47}},{"start":{"line":147,"column":47},"end":{"line":153,"column":null}}],"line":147},"7":{"loc":{"start":{"line":155,"column":6},"end":{"line":156,"column":null}},"type":"if","locations":[{"start":{"line":155,"column":6},"end":{"line":156,"column":null}},{"start":{},"end":{}}],"line":155},"8":{"loc":{"start":{"line":163,"column":34},"end":{"line":163,"column":53}},"type":"binary-expr","locations":[{"start":{"line":163,"column":34},"end":{"line":163,"column":51}},{"start":{"line":163,"column":51},"end":{"line":163,"column":53}}],"line":163},"9":{"loc":{"start":{"line":164,"column":6},"end":{"line":165,"column":null}},"type":"if","locations":[{"start":{"line":164,"column":6},"end":{"line":165,"column":null}},{"start":{},"end":{}}],"line":164},"10":{"loc":{"start":{"line":174,"column":60},"end":{"line":174,"column":77}},"type":"binary-expr","locations":[{"start":{"line":174,"column":60},"end":{"line":174,"column":75}},{"start":{"line":174,"column":75},"end":{"line":174,"column":77}}],"line":174},"11":{"loc":{"start":{"line":175,"column":6},"end":{"line":176,"column":null}},"type":"if","locations":[{"start":{"line":175,"column":6},"end":{"line":176,"column":null}},{"start":{},"end":{}}],"line":175},"12":{"loc":{"start":{"line":183,"column":12},"end":{"line":183,"column":null}},"type":"cond-expr","locations":[{"start":{"line":183,"column":32},"end":{"line":183,"column":71}},{"start":{"line":183,"column":71},"end":{"line":183,"column":null}}],"line":183},"13":{"loc":{"start":{"line":200,"column":6},"end":{"line":201,"column":null}},"type":"if","locations":[{"start":{"line":200,"column":6},"end":{"line":201,"column":null}},{"start":{},"end":{}}],"line":200},"14":{"loc":{"start":{"line":208,"column":6},"end":{"line":209,"column":null}},"type":"if","locations":[{"start":{"line":208,"column":6},"end":{"line":209,"column":null}},{"start":{},"end":{}}],"line":208},"15":{"loc":{"start":{"line":216,"column":6},"end":{"line":217,"column":null}},"type":"if","locations":[{"start":{"line":216,"column":6},"end":{"line":217,"column":null}},{"start":{},"end":{}}],"line":216},"16":{"loc":{"start":{"line":224,"column":6},"end":{"line":225,"column":null}},"type":"if","locations":[{"start":{"line":224,"column":6},"end":{"line":225,"column":null}},{"start":{},"end":{}}],"line":224},"17":{"loc":{"start":{"line":229,"column":23},"end":{"line":229,"column":43}},"type":"binary-expr","locations":[{"start":{"line":229,"column":23},"end":{"line":229,"column":41}},{"start":{"line":229,"column":41},"end":{"line":229,"column":43}}],"line":229},"18":{"loc":{"start":{"line":238,"column":2},"end":{"line":239,"column":null}},"type":"if","locations":[{"start":{"line":238,"column":2},"end":{"line":239,"column":null}},{"start":{},"end":{}}],"line":238},"19":{"loc":{"start":{"line":249,"column":4},"end":{"line":250,"column":null}},"type":"if","locations":[{"start":{"line":249,"column":4},"end":{"line":250,"column":null}},{"start":{},"end":{}}],"line":249}},"s":{"0":1,"1":1,"2":1,"3":25,"4":55,"5":55,"6":29,"7":26,"8":26,"9":26,"10":55,"11":55,"12":30,"13":30,"14":12,"15":30,"16":16,"17":16,"18":30,"19":18,"20":18,"21":0,"22":18,"23":18,"24":18,"25":1,"26":39,"27":39,"28":39,"29":18,"30":18,"31":18,"32":6,"33":1,"34":17,"35":17,"36":3,"37":3,"38":2,"39":1,"40":1,"41":2,"42":1,"43":3,"44":3,"45":1,"46":2,"47":2,"48":2,"49":2,"50":3,"51":2,"52":1,"53":1,"54":1,"55":1,"56":1,"57":5,"58":1,"59":1,"60":4,"61":4,"62":2,"63":1,"64":2,"65":1,"66":1,"67":1,"68":4,"69":1,"70":1,"71":3,"72":3,"73":2,"74":2,"75":1,"76":1,"77":2,"78":1,"79":31,"80":30,"81":31,"82":27,"83":27,"84":2,"85":2,"86":2,"87":2,"88":2},"f":{"0":25,"1":55,"2":30,"3":16,"4":18,"5":39,"6":6,"7":2,"8":2,"9":3,"10":1,"11":1,"12":1,"13":27},"b":{"0":[29,26],"1":[1,25],"2":[12,18],"3":[0,18],"4":[18,3,3,1,5,2,4,2,1],"5":[18,17],"6":[18,13],"7":[1,17],"8":[3,1],"9":[2,1],"10":[3,0],"11":[1,2],"12":[2,1],"13":[1,4],"14":[1,1],"15":[1,3],"16":[1,1],"17":[1,0],"18":[30,1],"19":[2,0]},"meta":{"lastBranch":20,"lastFunction":14,"lastStatement":89,"seen":{"s:59:14:59:48":0,"s:60:22:60:55":1,"s:61:26:61:Infinity":2,"f:63:9:63:34":0,"s:64:2:64:Infinity":3,"f:67:22:67:35":1,"s:68:17:68:37":4,"b:69:2:70:Infinity:undefined:undefined:undefined:undefined":0,"s:69:2:70:Infinity":5,"s:70:4:70:Infinity":6,"s:73:8:73:20":7,"s:74:14:76:Infinity":8,"s:78:15:78:76":9,"b:78:22:78:46:78:69:78:76":1,"s:79:2:79:Infinity":10,"s:80:2:80:Infinity":11,"f:84:9:84:25":2,"s:85:19:85:47":12,"b:86:2:87:Infinity:undefined:undefined:undefined:undefined":2,"s:86:2:87:Infinity":13,"s:87:4:87:Infinity":14,"s:89:12:92:23":15,"f:89:12:89:29":3,"s:90:4:90:Infinity":16,"s:91:4:91:Infinity":17,"s:93:2:93:Infinity":18,"f:96:15:96:26":4,"s:97:15:97:35":19,"b:98:2:99:Infinity:undefined:undefined:undefined:undefined":3,"s:98:2:99:Infinity":20,"s:99:4:99:Infinity":21,"s:101:8:101:20":22,"s:102:2:113:Infinity":23,"s:103:4:111:Infinity":24,"s:113:4:113:Infinity":25,"f:140:22:140:35":5,"s:141:15:141:44":26,"s:142:16:142:Infinity":27,"b:145:4:159:Infinity:162:4:170:Infinity:173:4:187:Infinity:190:4:196:Infinity:199:4:204:Infinity:206:4:212:Infinity:215:4:220:Infinity:222:4:231:Infinity:234:4:235:Infinity":4,"s:144:2:235:Infinity":28,"s:146:30:146:Infinity":29,"b:146:30:146:45:146:45:146:Infinity":5,"s:147:23:153:Infinity":30,"b:147:23:147:47:147:47:153:Infinity":6,"b:155:6:156:Infinity:undefined:undefined:undefined:undefined":7,"s:155:6:156:Infinity":31,"f:155:27:155:33":6,"s:155:39:155:62":32,"s:156:8:156:Infinity":33,"s:158:6:158:Infinity":34,"s:159:6:159:Infinity":35,"s:163:18:163:54":36,"b:163:34:163:51:163:51:163:53":8,"b:164:6:165:Infinity:undefined:undefined:undefined:undefined":9,"s:164:6:165:Infinity":37,"s:165:8:165:Infinity":38,"s:167:6:168:Infinity":39,"s:168:8:168:Infinity":40,"f:168:62:168:70":7,"s:168:76:168:90":41,"s:170:6:170:Infinity":42,"s:174:60:174:77":43,"b:174:60:174:75:174:75:174:77":10,"b:175:6:176:Infinity:undefined:undefined:undefined:undefined":11,"s:175:6:176:Infinity":44,"s:176:8:176:Infinity":45,"s:178:22:178:65":46,"f:178:36:178:41":8,"s:178:47:178:63":47,"s:179:6:185:Infinity":48,"s:180:8:185:Infinity":49,"f:182:33:182:38":9,"s:183:12:183:Infinity":50,"b:183:32:183:71:183:71:183:Infinity":12,"s:187:6:187:Infinity":51,"s:191:6:192:Infinity":52,"s:192:8:192:Infinity":53,"s:194:6:194:Infinity":54,"s:195:6:195:Infinity":55,"s:196:6:196:Infinity":56,"b:200:6:201:Infinity:undefined:undefined:undefined:undefined":13,"s:200:6:201:Infinity":57,"f:200:22:200:28":10,"s:200:34:200:56":58,"s:201:8:201:Infinity":59,"s:203:6:203:Infinity":60,"s:204:6:204:Infinity":61,"s:207:18:207:68":62,"f:207:30:207:41":11,"s:207:47:207:68":63,"b:208:6:209:Infinity:undefined:undefined:undefined:undefined":14,"s:208:6:209:Infinity":64,"s:209:8:209:Infinity":65,"s:211:6:211:Infinity":66,"s:212:6:212:Infinity":67,"b:216:6:217:Infinity:undefined:undefined:undefined:undefined":15,"s:216:6:217:Infinity":68,"f:216:21:216:27":12,"s:216:33:216:60":69,"s:217:8:217:Infinity":70,"s:219:6:219:Infinity":71,"s:220:6:220:Infinity":72,"s:223:20:223:Infinity":73,"b:224:6:225:Infinity:undefined:undefined:undefined:undefined":16,"s:224:6:225:Infinity":74,"s:225:8:225:Infinity":75,"s:227:6:230:Infinity":76,"b:229:23:229:41:229:41:229:43":17,"s:231:6:231:Infinity":77,"s:235:6:235:Infinity":78,"b:238:2:239:Infinity:undefined:undefined:undefined:undefined":18,"s:238:2:239:Infinity":79,"s:239:4:239:Infinity":80,"s:241:2:241:Infinity":81,"f:245:22:245:48":13,"s:246:14:246:46":82,"s:247:2:253:Infinity":83,"s:248:14:248:35":84,"b:249:4:250:Infinity:undefined:undefined:undefined:undefined":19,"s:249:4:250:Infinity":85,"s:250:6:250:Infinity":86,"s:252:4:252:Infinity":87,"s:253:4:253:Infinity":88}}}
,"/Users/rdong/Documents/Github/pigment/server/src/db/user.model.ts": {"path":"/Users/rdong/Documents/Github/pigment/server/src/db/user.model.ts","statementMap":{"0":{"start":{"line":6,"column":8},"end":{"line":6,"column":20}},"1":{"start":{"line":7,"column":23},"end":{"line":7,"column":54}},"2":{"start":{"line":9,"column":2},"end":{"line":13,"column":null}},"3":{"start":{"line":17,"column":8},"end":{"line":17,"column":20}},"4":{"start":{"line":18,"column":2},"end":{"line":18,"column":null}}},"fnMap":{"0":{"name":"createUser","decl":{"start":{"line":5,"column":22},"end":{"line":5,"column":33}},"loc":{"start":{"line":5,"column":84},"end":{"line":13,"column":null}},"line":5},"1":{"name":"findUserByEmail","decl":{"start":{"line":16,"column":22},"end":{"line":16,"column":38}},"loc":{"start":{"line":16,"column":53},"end":{"line":18,"column":null}},"line":16}},"branchMap":{},"s":{"0":3,"1":3,"2":3,"3":3,"4":3},"f":{"0":3,"1":3},"b":{},"meta":{"lastBranch":0,"lastFunction":2,"lastStatement":5,"seen":{"f:5:22:5:33":0,"s:6:8:6:20":0,"s:7:23:7:54":1,"s:9:2:13:Infinity":2,"f:16:22:16:38":1,"s:17:8:17:20":3,"s:18:2:18:Infinity":4}}}
,"/Users/rdong/Documents/Github/pigment/server/src/routes/auth.routes.ts": {"path":"/Users/rdong/Documents/Github/pigment/server/src/routes/auth.routes.ts","statementMap":{"0":{"start":{"line":7,"column":6},"end":{"line":7,"column":23}},"1":{"start":{"line":9,"column":19},"end":{"line":9,"column":null}},"2":{"start":{"line":12,"column":0},"end":{"line":26,"column":null}},"3":{"start":{"line":13,"column":40},"end":{"line":13,"column":null}},"4":{"start":{"line":15,"column":2},"end":{"line":16,"column":null}},"5":{"start":{"line":16,"column":4},"end":{"line":16,"column":null}},"6":{"start":{"line":19,"column":2},"end":{"line":24,"column":null}},"7":{"start":{"line":20,"column":4},"end":{"line":20,"column":null}},"8":{"start":{"line":21,"column":4},"end":{"line":21,"column":null}},"9":{"start":{"line":23,"column":20},"end":{"line":23,"column":68}},"10":{"start":{"line":24,"column":4},"end":{"line":24,"column":null}},"11":{"start":{"line":28,"column":0},"end":{"line":61,"column":null}},"12":{"start":{"line":29,"column":30},"end":{"line":29,"column":null}},"13":{"start":{"line":31,"column":2},"end":{"line":32,"column":null}},"14":{"start":{"line":32,"column":4},"end":{"line":32,"column":null}},"15":{"start":{"line":35,"column":2},"end":{"line":59,"column":null}},"16":{"start":{"line":36,"column":17},"end":{"line":36,"column":45}},"17":{"start":{"line":37,"column":4},"end":{"line":38,"column":null}},"18":{"start":{"line":38,"column":6},"end":{"line":38,"column":null}},"19":{"start":{"line":41,"column":15},"end":{"line":41,"column":65}},"20":{"start":{"line":42,"column":4},"end":{"line":43,"column":null}},"21":{"start":{"line":43,"column":6},"end":{"line":43,"column":null}},"22":{"start":{"line":47,"column":18},"end":{"line":50,"column":null}},"23":{"start":{"line":54,"column":4},"end":{"line":57,"column":null}},"24":{"start":{"line":59,"column":4},"end":{"line":59,"column":null}}},"fnMap":{"0":{"name":"(anonymous_0)","decl":{"start":{"line":12,"column":25},"end":{"line":12,"column":32}},"loc":{"start":{"line":12,"column":45},"end":{"line":26,"column":null}},"line":12},"1":{"name":"(anonymous_1)","decl":{"start":{"line":28,"column":22},"end":{"line":28,"column":29}},"loc":{"start":{"line":28,"column":42},"end":{"line":61,"column":null}},"line":28}},"branchMap":{"0":{"loc":{"start":{"line":9,"column":19},"end":{"line":9,"column":null}},"type":"binary-expr","locations":[{"start":{"line":9,"column":19},"end":{"line":9,"column":45}},{"start":{"line":9,"column":45},"end":{"line":9,"column":null}}],"line":9},"1":{"loc":{"start":{"line":15,"column":2},"end":{"line":16,"column":null}},"type":"if","locations":[{"start":{"line":15,"column":2},"end":{"line":16,"column":null}},{"start":{},"end":{}}],"line":15},"2":{"loc":{"start":{"line":15,"column":6},"end":{"line":15,"column":40}},"type":"binary-expr","locations":[{"start":{"line":15,"column":6},"end":{"line":15,"column":19}},{"start":{"line":15,"column":19},"end":{"line":15,"column":29}},{"start":{"line":15,"column":29},"end":{"line":15,"column":40}}],"line":15},"3":{"loc":{"start":{"line":23,"column":20},"end":{"line":23,"column":68}},"type":"cond-expr","locations":[{"start":{"line":23,"column":43},"end":{"line":23,"column":57}},{"start":{"line":23,"column":57},"end":{"line":23,"column":68}}],"line":23},"4":{"loc":{"start":{"line":31,"column":2},"end":{"line":32,"column":null}},"type":"if","locations":[{"start":{"line":31,"column":2},"end":{"line":32,"column":null}},{"start":{},"end":{}}],"line":31},"5":{"loc":{"start":{"line":31,"column":6},"end":{"line":31,"column":27}},"type":"binary-expr","locations":[{"start":{"line":31,"column":6},"end":{"line":31,"column":16}},{"start":{"line":31,"column":16},"end":{"line":31,"column":27}}],"line":31},"6":{"loc":{"start":{"line":37,"column":4},"end":{"line":38,"column":null}},"type":"if","locations":[{"start":{"line":37,"column":4},"end":{"line":38,"column":null}},{"start":{},"end":{}}],"line":37},"7":{"loc":{"start":{"line":42,"column":4},"end":{"line":43,"column":null}},"type":"if","locations":[{"start":{"line":42,"column":4},"end":{"line":43,"column":null}},{"start":{},"end":{}}],"line":42}},"s":{"0":1,"1":1,"2":1,"3":5,"4":5,"5":3,"6":2,"7":2,"8":1,"9":1,"10":1,"11":1,"12":7,"13":7,"14":2,"15":5,"16":5,"17":4,"18":1,"19":3,"20":3,"21":1,"22":2,"23":2,"24":1},"f":{"0":5,"1":7},"b":{"0":[1,1],"1":[3,2],"2":[5,4,3],"3":[1,0],"4":[2,5],"5":[7,6],"6":[1,3],"7":[1,2]},"meta":{"lastBranch":8,"lastFunction":2,"lastStatement":25,"seen":{"s:7:6:7:23":0,"s:9:19:9:Infinity":1,"b:9:19:9:45:9:45:9:Infinity":0,"s:12:0:26:Infinity":2,"f:12:25:12:32":0,"s:13:40:13:Infinity":3,"b:15:2:16:Infinity:undefined:undefined:undefined:undefined":1,"s:15:2:16:Infinity":4,"b:15:6:15:19:15:19:15:29:15:29:15:40":2,"s:16:4:16:Infinity":5,"s:19:2:24:Infinity":6,"s:20:4:20:Infinity":7,"s:21:4:21:Infinity":8,"s:23:20:23:68":9,"b:23:43:23:57:23:57:23:68":3,"s:24:4:24:Infinity":10,"s:28:0:61:Infinity":11,"f:28:22:28:29":1,"s:29:30:29:Infinity":12,"b:31:2:32:Infinity:undefined:undefined:undefined:undefined":4,"s:31:2:32:Infinity":13,"b:31:6:31:16:31:16:31:27":5,"s:32:4:32:Infinity":14,"s:35:2:59:Infinity":15,"s:36:17:36:45":16,"b:37:4:38:Infinity:undefined:undefined:undefined:undefined":6,"s:37:4:38:Infinity":17,"s:38:6:38:Infinity":18,"s:41:15:41:65":19,"b:42:4:43:Infinity:undefined:undefined:undefined:undefined":7,"s:42:4:43:Infinity":20,"s:43:6:43:Infinity":21,"s:47:18:50:Infinity":22,"s:54:4:57:Infinity":23,"s:59:4:59:Infinity":24}}}
,"/Users/rdong/Documents/Github/pigment/server/src/routes/session.routes.ts": {"path":"/Users/rdong/Documents/Github/pigment/server/src/routes/session.routes.ts","statementMap":{"0":{"start":{"line":4,"column":6},"end":{"line":4,"column":23}},"1":{"start":{"line":7,"column":16},"end":{"line":7,"column":null}},"2":{"start":{"line":8,"column":11},"end":{"line":8,"column":null}},"3":{"start":{"line":9,"column":2},"end":{"line":10,"column":null}},"4":{"start":{"line":9,"column":15},"end":{"line":9,"column":18}},"5":{"start":{"line":10,"column":4},"end":{"line":10,"column":null}},"6":{"start":{"line":12,"column":2},"end":{"line":12,"column":null}},"7":{"start":{"line":16,"column":0},"end":{"line":32,"column":null}},"8":{"start":{"line":17,"column":19},"end":{"line":17,"column":null}},"9":{"start":{"line":18,"column":8},"end":{"line":18,"column":20}},"10":{"start":{"line":20,"column":11},"end":{"line":20,"column":30}},"11":{"start":{"line":22,"column":2},"end":{"line":27,"column":null}},"12":{"start":{"line":22,"column":15},"end":{"line":22,"column":18}},"13":{"start":{"line":23,"column":21},"end":{"line":23,"column":77}},"14":{"start":{"line":24,"column":4},"end":{"line":25,"column":null}},"15":{"start":{"line":25,"column":6},"end":{"line":25,"column":null}},"16":{"start":{"line":27,"column":4},"end":{"line":27,"column":null}},"17":{"start":{"line":30,"column":2},"end":{"line":30,"column":null}},"18":{"start":{"line":31,"column":2},"end":{"line":31,"column":null}},"19":{"start":{"line":35,"column":0},"end":{"line":45,"column":null}},"20":{"start":{"line":36,"column":8},"end":{"line":36,"column":20}},"21":{"start":{"line":37,"column":18},"end":{"line":39,"column":null}},"22":{"start":{"line":41,"column":2},"end":{"line":42,"column":null}},"23":{"start":{"line":42,"column":4},"end":{"line":42,"column":null}},"24":{"start":{"line":44,"column":2},"end":{"line":44,"column":null}}},"fnMap":{"0":{"name":"generateSessionId","decl":{"start":{"line":6,"column":9},"end":{"line":6,"column":37}},"loc":{"start":{"line":6,"column":37},"end":{"line":12,"column":null}},"line":6},"1":{"name":"(anonymous_1)","decl":{"start":{"line":16,"column":17},"end":{"line":16,"column":24}},"loc":{"start":{"line":16,"column":37},"end":{"line":32,"column":null}},"line":16},"2":{"name":"(anonymous_2)","decl":{"start":{"line":35,"column":19},"end":{"line":35,"column":26}},"loc":{"start":{"line":35,"column":39},"end":{"line":45,"column":null}},"line":35}},"branchMap":{"0":{"loc":{"start":{"line":24,"column":4},"end":{"line":25,"column":null}},"type":"if","locations":[{"start":{"line":24,"column":4},"end":{"line":25,"column":null}},{"start":{},"end":{}}],"line":24},"1":{"loc":{"start":{"line":30,"column":68},"end":{"line":30,"column":81}},"type":"binary-expr","locations":[{"start":{"line":30,"column":68},"end":{"line":30,"column":76}},{"start":{"line":30,"column":76},"end":{"line":30,"column":81}}],"line":30},"2":{"loc":{"start":{"line":41,"column":2},"end":{"line":42,"column":null}},"type":"if","locations":[{"start":{"line":41,"column":2},"end":{"line":42,"column":null}},{"start":{},"end":{}}],"line":41}},"s":{"0":1,"1":6,"2":6,"3":6,"4":6,"5":36,"6":6,"7":1,"8":5,"9":5,"10":5,"11":5,"12":5,"13":6,"14":6,"15":5,"16":1,"17":5,"18":5,"19":1,"20":3,"21":3,"22":3,"23":1,"24":2},"f":{"0":6,"1":5,"2":3},"b":{"0":[5,1],"1":[5,3],"2":[1,2]},"meta":{"lastBranch":3,"lastFunction":3,"lastStatement":25,"seen":{"s:4:6:4:23":0,"f:6:9:6:37":0,"s:7:16:7:Infinity":1,"s:8:11:8:Infinity":2,"s:9:2:10:Infinity":3,"s:9:15:9:18":4,"s:10:4:10:Infinity":5,"s:12:2:12:Infinity":6,"s:16:0:32:Infinity":7,"f:16:17:16:24":1,"s:17:19:17:Infinity":8,"s:18:8:18:20":9,"s:20:11:20:30":10,"s:22:2:27:Infinity":11,"s:22:15:22:18":12,"s:23:21:23:77":13,"b:24:4:25:Infinity:undefined:undefined:undefined:undefined":0,"s:24:4:25:Infinity":14,"s:25:6:25:Infinity":15,"s:27:4:27:Infinity":16,"s:30:2:30:Infinity":17,"b:30:68:30:76:30:76:30:81":1,"s:31:2:31:Infinity":18,"s:35:0:45:Infinity":19,"f:35:19:35:26":2,"s:36:8:36:20":20,"s:37:18:39:Infinity":21,"b:41:2:42:Infinity:undefined:undefined:undefined:undefined":2,"s:41:2:42:Infinity":22,"s:42:4:42:Infinity":23,"s:44:2:44:Infinity":24}}}
}
