{"/Users/rdong/Documents/Github/pigment/client/src/config.ts": {"path":"/Users/rdong/Documents/Github/pigment/client/src/config.ts","statementMap":{"0":{"start":{"line":1,"column":22},"end":{"line":4,"column":null}}},"fnMap":{},"branchMap":{"0":{"loc":{"start":{"line":2,"column":16},"end":{"line":2,"column":null}},"type":"binary-expr","locations":[{"start":{"line":2,"column":16},"end":{"line":2,"column":49}},{"start":{"line":2,"column":49},"end":{"line":2,"column":null}}],"line":2},"1":{"loc":{"start":{"line":3,"column":10},"end":{"line":3,"column":null}},"type":"binary-expr","locations":[{"start":{"line":3,"column":10},"end":{"line":3,"column":44}},{"start":{"line":3,"column":44},"end":{"line":3,"column":null}}],"line":3}},"s":{"0":0},"f":{},"b":{"0":[0,0],"1":[0,0]},"meta":{"lastBranch":2,"lastFunction":0,"lastStatement":1,"seen":{"s:1:22:4:Infinity":0,"b:2:16:2:49:2:49:2:Infinity":0,"b:3:10:3:44:3:44:3:Infinity":1}}}
,"/Users/rdong/Documents/Github/pigment/client/src/services/CanvasEventBus.ts": {"path":"/Users/rdong/Documents/Github/pigment/client/src/services/CanvasEventBus.ts","statementMap":{"0":{"start":{"line":83,"column":31},"end":{"line":83,"column":80}},"1":{"start":{"line":92,"column":4},"end":{"line":93,"column":null}},"2":{"start":{"line":93,"column":6},"end":{"line":93,"column":null}},"3":{"start":{"line":95,"column":4},"end":{"line":95,"column":null}},"4":{"start":{"line":96,"column":4},"end":{"line":96,"column":null}},"5":{"start":{"line":96,"column":17},"end":{"line":96,"column":42}},"6":{"start":{"line":104,"column":4},"end":{"line":104,"column":null}},"7":{"start":{"line":112,"column":4},"end":{"line":112,"column":null}},"8":{"start":{"line":112,"column":53},"end":{"line":112,"column":70}},"9":{"start":{"line":120,"column":4},"end":{"line":120,"column":null}},"10":{"start":{"line":128,"column":4},"end":{"line":128,"column":null}}},"fnMap":{"0":{"name":"(anonymous_0)","decl":{"start":{"line":91,"column":2},"end":{"line":91,"column":31}},"loc":{"start":{"line":91,"column":86},"end":{"line":96,"column":null}},"line":91},"1":{"name":"(anonymous_1)","decl":{"start":{"line":96,"column":4},"end":{"line":96,"column":17}},"loc":{"start":{"line":96,"column":17},"end":{"line":96,"column":42}},"line":96},"2":{"name":"(anonymous_2)","decl":{"start":{"line":103,"column":2},"end":{"line":103,"column":32}},"loc":{"start":{"line":103,"column":81},"end":{"line":104,"column":null}},"line":103},"3":{"name":"(anonymous_3)","decl":{"start":{"line":111,"column":2},"end":{"line":111,"column":33}},"loc":{"start":{"line":111,"column":71},"end":{"line":112,"column":null}},"line":111},"4":{"name":"(anonymous_4)","decl":{"start":{"line":112,"column":31},"end":{"line":112,"column":40}},"loc":{"start":{"line":112,"column":53},"end":{"line":112,"column":70}},"line":112},"5":{"name":"(anonymous_5)","decl":{"start":{"line":119,"column":2},"end":{"line":119,"column":42}},"loc":{"start":{"line":119,"column":60},"end":{"line":120,"column":null}},"line":119},"6":{"name":"(anonymous_6)","decl":{"start":{"line":127,"column":2},"end":{"line":127,"column":16}},"loc":{"start":{"line":127,"column":16},"end":{"line":128,"column":null}},"line":127}},"branchMap":{"0":{"loc":{"start":{"line":92,"column":4},"end":{"line":93,"column":null}},"type":"if","locations":[{"start":{"line":92,"column":4},"end":{"line":93,"column":null}},{"start":{},"end":{}}],"line":92},"1":{"loc":{"start":{"line":120,"column":11},"end":{"line":120,"column":null}},"type":"binary-expr","locations":[{"start":{"line":120,"column":11},"end":{"line":120,"column":46}},{"start":{"line":120,"column":46},"end":{"line":120,"column":null}}],"line":120}},"s":{"0":20,"1":28,"2":22,"3":28,"4":28,"5":4,"6":6,"7":11,"8":13,"9":9,"10":2},"f":{"0":28,"1":4,"2":6,"3":11,"4":13,"5":9,"6":2},"b":{"0":[22,6],"1":[9,4]},"meta":{"lastBranch":2,"lastFunction":7,"lastStatement":11,"seen":{"s:83:31:83:80":0,"f:91:2:91:31":0,"b:92:4:93:Infinity:undefined:undefined:undefined:undefined":0,"s:92:4:93:Infinity":1,"s:93:6:93:Infinity":2,"s:95:4:95:Infinity":3,"s:96:4:96:Infinity":4,"f:96:4:96:17":1,"s:96:17:96:42":5,"f:103:2:103:32":2,"s:104:4:104:Infinity":6,"f:111:2:111:33":3,"s:112:4:112:Infinity":7,"f:112:31:112:40":4,"s:112:53:112:70":8,"f:119:2:119:42":5,"s:120:4:120:Infinity":9,"b:120:11:120:46:120:46:120:Infinity":1,"f:127:2:127:16":6,"s:128:4:128:Infinity":10}}}
,"/Users/rdong/Documents/Github/pigment/client/src/services/CanvasExporter.ts": {"path":"/Users/rdong/Documents/Github/pigment/client/src/services/CanvasExporter.ts","statementMap":{"0":{"start":{"line":8,"column":18},"end":{"line":8,"column":37}},"1":{"start":{"line":11,"column":4},"end":{"line":11,"column":null}},"2":{"start":{"line":11,"column":75},"end":{"line":11,"column":86}},"3":{"start":{"line":14,"column":4},"end":{"line":14,"column":null}},"4":{"start":{"line":15,"column":4},"end":{"line":15,"column":null}},"5":{"start":{"line":17,"column":16},"end":{"line":17,"column":60}},"6":{"start":{"line":18,"column":17},"end":{"line":18,"column":73}},"7":{"start":{"line":19,"column":16},"end":{"line":19,"column":41}},"8":{"start":{"line":21,"column":16},"end":{"line":21,"column":27}},"9":{"start":{"line":22,"column":4},"end":{"line":36,"column":null}},"10":{"start":{"line":23,"column":21},"end":{"line":23,"column":53}},"11":{"start":{"line":24,"column":6},"end":{"line":24,"column":null}},"12":{"start":{"line":25,"column":6},"end":{"line":25,"column":null}},"13":{"start":{"line":26,"column":18},"end":{"line":26,"column":41}},"14":{"start":{"line":27,"column":6},"end":{"line":34,"column":null}},"15":{"start":{"line":28,"column":8},"end":{"line":28,"column":null}},"16":{"start":{"line":29,"column":8},"end":{"line":29,"column":null}},"17":{"start":{"line":30,"column":8},"end":{"line":30,"column":null}},"18":{"start":{"line":31,"column":18},"end":{"line":31,"column":45}},"19":{"start":{"line":32,"column":8},"end":{"line":32,"column":null}},"20":{"start":{"line":33,"column":8},"end":{"line":33,"column":null}},"21":{"start":{"line":34,"column":8},"end":{"line":34,"column":null}},"22":{"start":{"line":36,"column":6},"end":{"line":36,"column":null}},"23":{"start":{"line":38,"column":4},"end":{"line":38,"column":null}}},"fnMap":{"0":{"name":"(anonymous_0)","decl":{"start":{"line":6,"column":2},"end":{"line":6,"column":14}},"loc":{"start":{"line":6,"column":40},"end":{"line":38,"column":null}},"line":6},"1":{"name":"(anonymous_1)","decl":{"start":{"line":11,"column":59},"end":{"line":11,"column":68}},"loc":{"start":{"line":11,"column":75},"end":{"line":11,"column":86}},"line":11},"2":{"name":"(anonymous_2)","decl":{"start":{"line":22,"column":8},"end":{"line":22,"column":23}},"loc":{"start":{"line":22,"column":23},"end":{"line":36,"column":null}},"line":22}},"branchMap":{"0":{"loc":{"start":{"line":27,"column":6},"end":{"line":34,"column":null}},"type":"if","locations":[{"start":{"line":27,"column":6},"end":{"line":34,"column":null}},{"start":{},"end":{}}],"line":27}},"s":{"0":6,"1":6,"2":0,"3":6,"4":6,"5":6,"6":6,"7":6,"8":6,"9":6,"10":4,"11":4,"12":4,"13":4,"14":4,"15":4,"16":4,"17":4,"18":4,"19":4,"20":4,"21":4,"22":4,"23":6},"f":{"0":6,"1":0,"2":4},"b":{"0":[4,0]},"meta":{"lastBranch":1,"lastFunction":3,"lastStatement":24,"seen":{"f:6:2:6:14":0,"s:8:18:8:37":0,"s:11:4:11:Infinity":1,"f:11:59:11:68":1,"s:11:75:11:86":2,"s:14:4:14:Infinity":3,"s:15:4:15:Infinity":4,"s:17:16:17:60":5,"s:18:17:18:73":6,"s:19:16:19:41":7,"s:21:16:21:27":8,"s:22:4:36:Infinity":9,"f:22:8:22:23":2,"s:23:21:23:53":10,"s:24:6:24:Infinity":11,"s:25:6:25:Infinity":12,"s:26:18:26:41":13,"b:27:6:34:Infinity:undefined:undefined:undefined:undefined":0,"s:27:6:34:Infinity":14,"s:28:8:28:Infinity":15,"s:29:8:29:Infinity":16,"s:30:8:30:Infinity":17,"s:31:18:31:45":18,"s:32:8:32:Infinity":19,"s:33:8:33:Infinity":20,"s:34:8:34:Infinity":21,"s:36:6:36:Infinity":22,"s:38:4:38:Infinity":23}}}
,"/Users/rdong/Documents/Github/pigment/client/src/services/ClipboardService.ts": {"path":"/Users/rdong/Documents/Github/pigment/client/src/services/ClipboardService.ts","statementMap":{"0":{"start":{"line":7,"column":10},"end":{"line":14,"column":null}},"1":{"start":{"line":8,"column":17},"end":{"line":8,"column":51}},"2":{"start":{"line":9,"column":6},"end":{"line":9,"column":null}},"3":{"start":{"line":10,"column":6},"end":{"line":10,"column":null}},"4":{"start":{"line":11,"column":6},"end":{"line":11,"column":null}},"5":{"start":{"line":12,"column":6},"end":{"line":12,"column":null}},"6":{"start":{"line":13,"column":6},"end":{"line":13,"column":null}},"7":{"start":{"line":14,"column":6},"end":{"line":14,"column":null}},"8":{"start":{"line":17,"column":4},"end":{"line":20,"column":null}},"9":{"start":{"line":18,"column":6},"end":{"line":18,"column":null}},"10":{"start":{"line":20,"column":6},"end":{"line":20,"column":null}}},"fnMap":{"0":{"name":"(anonymous_0)","decl":{"start":{"line":6,"column":2},"end":{"line":6,"column":11}},"loc":{"start":{"line":6,"column":54},"end":{"line":20,"column":null}},"line":6},"1":{"name":"(anonymous_1)","decl":{"start":{"line":7,"column":10},"end":{"line":7,"column":27}},"loc":{"start":{"line":7,"column":27},"end":{"line":14,"column":null}},"line":7}},"branchMap":{"0":{"loc":{"start":{"line":17,"column":4},"end":{"line":20,"column":null}},"type":"if","locations":[{"start":{"line":17,"column":4},"end":{"line":20,"column":null}},{"start":{"line":19,"column":11},"end":{"line":20,"column":null}}],"line":17}},"s":{"0":4,"1":2,"2":2,"3":2,"4":2,"5":2,"6":2,"7":2,"8":4,"9":3,"10":1},"f":{"0":4,"1":2},"b":{"0":[3,1]},"meta":{"lastBranch":1,"lastFunction":2,"lastStatement":11,"seen":{"f:6:2:6:11":0,"s:7:10:14:Infinity":0,"f:7:10:7:27":1,"s:8:17:8:51":1,"s:9:6:9:Infinity":2,"s:10:6:10:Infinity":3,"s:11:6:11:Infinity":4,"s:12:6:12:Infinity":5,"s:13:6:13:Infinity":6,"s:14:6:14:Infinity":7,"b:17:4:20:Infinity:19:11:20:Infinity":0,"s:17:4:20:Infinity":8,"s:18:6:18:Infinity":9,"s:20:6:20:Infinity":10}}}
,"/Users/rdong/Documents/Github/pigment/client/src/services/GeometryService.ts": {"path":"/Users/rdong/Documents/Github/pigment/client/src/services/GeometryService.ts","statementMap":{"0":{"start":{"line":32,"column":15},"end":{"line":32,"column":null}},"1":{"start":{"line":34,"column":4},"end":{"line":34,"column":null}},"2":{"start":{"line":34,"column":31},"end":{"line":34,"column":80}},"3":{"start":{"line":45,"column":17},"end":{"line":45,"column":null}},"4":{"start":{"line":46,"column":4},"end":{"line":52,"column":null}},"5":{"start":{"line":46,"column":17},"end":{"line":46,"column":20}},"6":{"start":{"line":46,"column":24},"end":{"line":46,"column":41}},"7":{"start":{"line":47,"column":17},"end":{"line":47,"column":null}},"8":{"start":{"line":48,"column":13},"end":{"line":48,"column":null}},"9":{"start":{"line":49,"column":17},"end":{"line":49,"column":null}},"10":{"start":{"line":50,"column":13},"end":{"line":50,"column":null}},"11":{"start":{"line":51,"column":6},"end":{"line":52,"column":null}},"12":{"start":{"line":52,"column":8},"end":{"line":52,"column":null}},"13":{"start":{"line":55,"column":4},"end":{"line":55,"column":null}},"14":{"start":{"line":63,"column":4},"end":{"line":63,"column":null}},"15":{"start":{"line":63,"column":58},"end":{"line":63,"column":98}},"16":{"start":{"line":77,"column":15},"end":{"line":77,"column":35}},"17":{"start":{"line":78,"column":4},"end":{"line":86,"column":null}},"18":{"start":{"line":79,"column":6},"end":{"line":80,"column":null}},"19":{"start":{"line":80,"column":8},"end":{"line":80,"column":null}},"20":{"start":{"line":82,"column":6},"end":{"line":82,"column":null}},"21":{"start":{"line":83,"column":6},"end":{"line":83,"column":null}},"22":{"start":{"line":85,"column":6},"end":{"line":85,"column":null}},"23":{"start":{"line":86,"column":6},"end":{"line":86,"column":null}},"24":{"start":{"line":88,"column":16},"end":{"line":88,"column":34}},"25":{"start":{"line":89,"column":4},"end":{"line":90,"column":null}},"26":{"start":{"line":90,"column":6},"end":{"line":90,"column":null}},"27":{"start":{"line":92,"column":14},"end":{"line":92,"column":47}},"28":{"start":{"line":93,"column":4},"end":{"line":93,"column":null}},"29":{"start":{"line":105,"column":15},"end":{"line":105,"column":null}},"30":{"start":{"line":106,"column":19},"end":{"line":107,"column":null}},"31":{"start":{"line":107,"column":7},"end":{"line":107,"column":null}},"32":{"start":{"line":111,"column":4},"end":{"line":112,"column":null}},"33":{"start":{"line":112,"column":6},"end":{"line":112,"column":null}},"34":{"start":{"line":115,"column":4},"end":{"line":116,"column":null}},"35":{"start":{"line":116,"column":6},"end":{"line":116,"column":null}},"36":{"start":{"line":120,"column":33},"end":{"line":120,"column":35}},"37":{"start":{"line":121,"column":23},"end":{"line":121,"column":25}},"38":{"start":{"line":122,"column":4},"end":{"line":129,"column":null}},"39":{"start":{"line":122,"column":17},"end":{"line":122,"column":20}},"40":{"start":{"line":123,"column":6},"end":{"line":129,"column":null}},"41":{"start":{"line":124,"column":8},"end":{"line":124,"column":null}},"42":{"start":{"line":126,"column":8},"end":{"line":127,"column":null}},"43":{"start":{"line":127,"column":10},"end":{"line":127,"column":null}},"44":{"start":{"line":129,"column":8},"end":{"line":129,"column":null}},"45":{"start":{"line":132,"column":4},"end":{"line":133,"column":null}},"46":{"start":{"line":133,"column":6},"end":{"line":133,"column":null}},"47":{"start":{"line":135,"column":4},"end":{"line":135,"column":null}},"48":{"start":{"line":143,"column":4},"end":{"line":144,"column":null}},"49":{"start":{"line":144,"column":6},"end":{"line":144,"column":null}},"50":{"start":{"line":146,"column":4},"end":{"line":146,"column":null}}},"fnMap":{"0":{"name":"(anonymous_0)","decl":{"start":{"line":31,"column":9},"end":{"line":31,"column":25}},"loc":{"start":{"line":31,"column":77},"end":{"line":34,"column":null}},"line":31},"1":{"name":"(anonymous_1)","decl":{"start":{"line":34,"column":25},"end":{"line":34,"column":31}},"loc":{"start":{"line":34,"column":31},"end":{"line":34,"column":80}},"line":34},"2":{"name":"(anonymous_2)","decl":{"start":{"line":44,"column":9},"end":{"line":44,"column":24}},"loc":{"start":{"line":44,"column":59},"end":{"line":55,"column":null}},"line":44},"3":{"name":"(anonymous_3)","decl":{"start":{"line":62,"column":9},"end":{"line":62,"column":23}},"loc":{"start":{"line":62,"column":64},"end":{"line":63,"column":null}},"line":62},"4":{"name":"(anonymous_4)","decl":{"start":{"line":63,"column":46},"end":{"line":63,"column":52}},"loc":{"start":{"line":63,"column":58},"end":{"line":63,"column":98}},"line":63},"5":{"name":"(anonymous_5)","decl":{"start":{"line":76,"column":9},"end":{"line":76,"column":22}},"loc":{"start":{"line":76,"column":96},"end":{"line":93,"column":null}},"line":76},"6":{"name":"(anonymous_6)","decl":{"start":{"line":104,"column":9},"end":{"line":104,"column":29}},"loc":{"start":{"line":104,"column":92},"end":{"line":135,"column":null}},"line":104},"7":{"name":"(anonymous_7)","decl":{"start":{"line":106,"column":33},"end":{"line":106,"column":null}},"loc":{"start":{"line":107,"column":7},"end":{"line":107,"column":null}},"line":107},"8":{"name":"(anonymous_8)","decl":{"start":{"line":142,"column":9},"end":{"line":142,"column":25}},"loc":{"start":{"line":142,"column":91},"end":{"line":146,"column":null}},"line":142}},"branchMap":{"0":{"loc":{"start":{"line":51,"column":6},"end":{"line":52,"column":null}},"type":"if","locations":[{"start":{"line":51,"column":6},"end":{"line":52,"column":null}},{"start":{},"end":{}}],"line":51},"1":{"loc":{"start":{"line":51,"column":10},"end":{"line":51,"column":88}},"type":"binary-expr","locations":[{"start":{"line":51,"column":10},"end":{"line":51,"column":37}},{"start":{"line":51,"column":37},"end":{"line":51,"column":88}}],"line":51},"2":{"loc":{"start":{"line":63,"column":11},"end":{"line":63,"column":99}},"type":"binary-expr","locations":[{"start":{"line":63,"column":11},"end":{"line":63,"column":32}},{"start":{"line":63,"column":32},"end":{"line":63,"column":99}}],"line":63},"3":{"loc":{"start":{"line":78,"column":4},"end":{"line":86,"column":null}},"type":"if","locations":[{"start":{"line":78,"column":4},"end":{"line":86,"column":null}},{"start":{"line":84,"column":11},"end":{"line":86,"column":null}}],"line":78},"4":{"loc":{"start":{"line":79,"column":6},"end":{"line":80,"column":null}},"type":"if","locations":[{"start":{"line":79,"column":6},"end":{"line":80,"column":null}},{"start":{},"end":{}}],"line":79},"5":{"loc":{"start":{"line":89,"column":4},"end":{"line":90,"column":null}},"type":"if","locations":[{"start":{"line":89,"column":4},"end":{"line":90,"column":null}},{"start":{},"end":{}}],"line":89},"6":{"loc":{"start":{"line":111,"column":4},"end":{"line":112,"column":null}},"type":"if","locations":[{"start":{"line":111,"column":4},"end":{"line":112,"column":null}},{"start":{},"end":{}}],"line":111},"7":{"loc":{"start":{"line":115,"column":4},"end":{"line":116,"column":null}},"type":"if","locations":[{"start":{"line":115,"column":4},"end":{"line":116,"column":null}},{"start":{},"end":{}}],"line":115},"8":{"loc":{"start":{"line":123,"column":6},"end":{"line":129,"column":null}},"type":"if","locations":[{"start":{"line":123,"column":6},"end":{"line":129,"column":null}},{"start":{"line":125,"column":13},"end":{"line":129,"column":null}}],"line":123},"9":{"loc":{"start":{"line":126,"column":8},"end":{"line":127,"column":null}},"type":"if","locations":[{"start":{"line":126,"column":8},"end":{"line":127,"column":null}},{"start":{},"end":{}}],"line":126},"10":{"loc":{"start":{"line":132,"column":4},"end":{"line":133,"column":null}},"type":"if","locations":[{"start":{"line":132,"column":4},"end":{"line":133,"column":null}},{"start":{},"end":{}}],"line":132},"11":{"loc":{"start":{"line":143,"column":4},"end":{"line":144,"column":null}},"type":"if","locations":[{"start":{"line":143,"column":4},"end":{"line":144,"column":null}},{"start":{},"end":{}}],"line":143},"12":{"loc":{"start":{"line":144,"column":18},"end":{"line":144,"column":46}},"type":"binary-expr","locations":[{"start":{"line":144,"column":18},"end":{"line":144,"column":43}},{"start":{"line":144,"column":43},"end":{"line":144,"column":46}}],"line":144},"13":{"loc":{"start":{"line":144,"column":49},"end":{"line":144,"column":77}},"type":"binary-expr","locations":[{"start":{"line":144,"column":49},"end":{"line":144,"column":74}},{"start":{"line":144,"column":74},"end":{"line":144,"column":77}}],"line":144}},"s":{"0":9,"1":9,"2":10,"3":12,"4":12,"5":12,"6":12,"7":48,"8":48,"9":48,"10":48,"11":48,"12":5,"13":12,"14":7,"15":6,"16":4,"17":4,"18":2,"19":1,"20":1,"21":1,"22":2,"23":2,"24":3,"25":3,"26":1,"27":2,"28":2,"29":5,"30":5,"31":19,"32":5,"33":1,"34":4,"35":1,"36":3,"37":3,"38":3,"39":3,"40":15,"41":11,"42":4,"43":2,"44":4,"45":3,"46":3,"47":3,"48":3,"49":2,"50":1},"f":{"0":3,"1":10,"2":3,"3":3,"4":6,"5":3,"6":3,"7":19,"8":3},"b":{"0":[5,43],"1":[48,12],"2":[7,5],"3":[2,2],"4":[1,1],"5":[1,2],"6":[1,4],"7":[1,3],"8":[11,4],"9":[2,2],"10":[3,0],"11":[2,1],"12":[2,1],"13":[2,1]},"meta":{"lastBranch":14,"lastFunction":9,"lastStatement":51,"seen":{"f:31:9:31:25":0,"s:32:15:32:Infinity":0,"s:34:4:34:Infinity":1,"f:34:25:34:31":1,"s:34:31:34:80":2,"f:44:9:44:24":2,"s:45:17:45:Infinity":3,"s:46:4:52:Infinity":4,"s:46:17:46:20":5,"s:46:24:46:41":6,"s:47:17:47:Infinity":7,"s:48:13:48:Infinity":8,"s:49:17:49:Infinity":9,"s:50:13:50:Infinity":10,"b:51:6:52:Infinity:undefined:undefined:undefined:undefined":0,"s:51:6:52:Infinity":11,"b:51:10:51:37:51:37:51:88":1,"s:52:8:52:Infinity":12,"s:55:4:55:Infinity":13,"f:62:9:62:23":3,"s:63:4:63:Infinity":14,"b:63:11:63:32:63:32:63:99":2,"f:63:46:63:52":4,"s:63:58:63:98":15,"f:76:9:76:22":5,"s:77:15:77:35":16,"b:78:4:86:Infinity:84:11:86:Infinity":3,"s:78:4:86:Infinity":17,"b:79:6:80:Infinity:undefined:undefined:undefined:undefined":4,"s:79:6:80:Infinity":18,"s:80:8:80:Infinity":19,"s:82:6:82:Infinity":20,"s:83:6:83:Infinity":21,"s:85:6:85:Infinity":22,"s:86:6:86:Infinity":23,"s:88:16:88:34":24,"b:89:4:90:Infinity:undefined:undefined:undefined:undefined":5,"s:89:4:90:Infinity":25,"s:90:6:90:Infinity":26,"s:92:14:92:47":27,"s:93:4:93:Infinity":28,"f:104:9:104:29":6,"s:105:15:105:Infinity":29,"s:106:19:107:Infinity":30,"f:106:33:106:Infinity":7,"s:107:7:107:Infinity":31,"b:111:4:112:Infinity:undefined:undefined:undefined:undefined":6,"s:111:4:112:Infinity":32,"s:112:6:112:Infinity":33,"b:115:4:116:Infinity:undefined:undefined:undefined:undefined":7,"s:115:4:116:Infinity":34,"s:116:6:116:Infinity":35,"s:120:33:120:35":36,"s:121:23:121:25":37,"s:122:4:129:Infinity":38,"s:122:17:122:20":39,"b:123:6:129:Infinity:125:13:129:Infinity":8,"s:123:6:129:Infinity":40,"s:124:8:124:Infinity":41,"b:126:8:127:Infinity:undefined:undefined:undefined:undefined":9,"s:126:8:127:Infinity":42,"s:127:10:127:Infinity":43,"s:129:8:129:Infinity":44,"b:132:4:133:Infinity:undefined:undefined:undefined:undefined":10,"s:132:4:133:Infinity":45,"s:133:6:133:Infinity":46,"s:135:4:135:Infinity":47,"f:142:9:142:25":8,"b:143:4:144:Infinity:undefined:undefined:undefined:undefined":11,"s:143:4:144:Infinity":48,"s:144:6:144:Infinity":49,"b:144:18:144:43:144:43:144:46":12,"b:144:49:144:74:144:74:144:77":13,"s:146:4:146:Infinity":50}}}
,"/Users/rdong/Documents/Github/pigment/client/src/services/ImageService.ts": {"path":"/Users/rdong/Documents/Github/pigment/client/src/services/ImageService.ts","statementMap":{"0":{"start":{"line":6,"column":42},"end":{"line":6,"column":null}},"1":{"start":{"line":9,"column":4},"end":{"line":14,"column":null}},"2":{"start":{"line":10,"column":21},"end":{"line":10,"column":37}},"3":{"start":{"line":11,"column":6},"end":{"line":11,"column":null}},"4":{"start":{"line":11,"column":29},"end":{"line":11,"column":64}},"5":{"start":{"line":12,"column":6},"end":{"line":12,"column":null}},"6":{"start":{"line":12,"column":29},"end":{"line":12,"column":69}},"7":{"start":{"line":13,"column":6},"end":{"line":13,"column":null}},"8":{"start":{"line":22,"column":18},"end":{"line":22,"column":83}},"9":{"start":{"line":23,"column":4},"end":{"line":26,"column":null}},"10":{"start":{"line":31,"column":4},"end":{"line":45,"column":null}},"11":{"start":{"line":33,"column":8},"end":{"line":44,"column":null}},"12":{"start":{"line":34,"column":22},"end":{"line":34,"column":33}},"13":{"start":{"line":35,"column":10},"end":{"line":40,"column":null}},"14":{"start":{"line":36,"column":38},"end":{"line":38,"column":null}},"15":{"start":{"line":40,"column":12},"end":{"line":40,"column":null}},"16":{"start":{"line":42,"column":10},"end":{"line":42,"column":null}},"17":{"start":{"line":42,"column":30},"end":{"line":42,"column":73}},"18":{"start":{"line":43,"column":10},"end":{"line":43,"column":null}}},"fnMap":{"0":{"name":"(anonymous_0)","decl":{"start":{"line":8,"column":9},"end":{"line":8,"column":23}},"loc":{"start":{"line":8,"column":52},"end":{"line":14,"column":null}},"line":8},"1":{"name":"(anonymous_1)","decl":{"start":{"line":9,"column":15},"end":{"line":9,"column":24}},"loc":{"start":{"line":9,"column":44},"end":{"line":14,"column":null}},"line":9},"2":{"name":"(anonymous_2)","decl":{"start":{"line":11,"column":13},"end":{"line":11,"column":23}},"loc":{"start":{"line":11,"column":29},"end":{"line":11,"column":64}},"line":11},"3":{"name":"(anonymous_3)","decl":{"start":{"line":12,"column":13},"end":{"line":12,"column":29}},"loc":{"start":{"line":12,"column":29},"end":{"line":12,"column":69}},"line":12},"4":{"name":"(anonymous_4)","decl":{"start":{"line":17,"column":9},"end":{"line":17,"column":null}},"loc":{"start":{"line":21,"column":39},"end":{"line":26,"column":null}},"line":21},"5":{"name":"(anonymous_5)","decl":{"start":{"line":30,"column":9},"end":{"line":30,"column":21}},"loc":{"start":{"line":30,"column":94},"end":{"line":45,"column":null}},"line":30},"6":{"name":"(anonymous_6)","decl":{"start":{"line":31,"column":44},"end":{"line":31,"column":null}},"loc":{"start":{"line":33,"column":8},"end":{"line":44,"column":null}},"line":33},"7":{"name":"(anonymous_7)","decl":{"start":{"line":33,"column":12},"end":{"line":33,"column":21}},"loc":{"start":{"line":33,"column":41},"end":{"line":44,"column":null}},"line":33},"8":{"name":"(anonymous_8)","decl":{"start":{"line":35,"column":14},"end":{"line":35,"column":29}},"loc":{"start":{"line":35,"column":29},"end":{"line":40,"column":null}},"line":35},"9":{"name":"(anonymous_9)","decl":{"start":{"line":42,"column":14},"end":{"line":42,"column":30}},"loc":{"start":{"line":42,"column":30},"end":{"line":42,"column":73}},"line":42}},"branchMap":{"0":{"loc":{"start":{"line":20,"column":4},"end":{"line":20,"column":null}},"type":"default-arg","locations":[{"start":{"line":20,"column":19},"end":{"line":20,"column":null}}],"line":20}},"s":{"0":1,"1":4,"2":4,"3":4,"4":3,"5":4,"6":1,"7":4,"8":7,"9":7,"10":2,"11":2,"12":2,"13":2,"14":1,"15":1,"16":2,"17":1,"18":2},"f":{"0":1,"1":4,"2":3,"3":1,"4":1,"5":1,"6":2,"7":2,"8":1,"9":1},"b":{"0":[7]},"meta":{"lastBranch":1,"lastFunction":10,"lastStatement":19,"seen":{"s:6:42:6:Infinity":0,"f:8:9:8:23":0,"s:9:4:14:Infinity":1,"f:9:15:9:24":1,"s:10:21:10:37":2,"s:11:6:11:Infinity":3,"f:11:13:11:23":2,"s:11:29:11:64":4,"s:12:6:12:Infinity":5,"f:12:13:12:29":3,"s:12:29:12:69":6,"s:13:6:13:Infinity":7,"f:17:9:17:Infinity":4,"b:20:19:20:Infinity":0,"s:22:18:22:83":8,"s:23:4:26:Infinity":9,"f:30:9:30:21":5,"s:31:4:45:Infinity":10,"f:31:44:31:Infinity":6,"s:33:8:44:Infinity":11,"f:33:12:33:21":7,"s:34:22:34:33":12,"s:35:10:40:Infinity":13,"f:35:14:35:29":8,"s:36:38:38:Infinity":14,"s:40:12:40:Infinity":15,"s:42:10:42:Infinity":16,"f:42:14:42:30":9,"s:42:30:42:73":17,"s:43:10:43:Infinity":18}}}
,"/Users/rdong/Documents/Github/pigment/client/src/services/UserColorService.ts": {"path":"/Users/rdong/Documents/Github/pigment/client/src/services/UserColorService.ts","statementMap":{"0":{"start":{"line":25,"column":35},"end":{"line":32,"column":null}},"1":{"start":{"line":42,"column":15},"end":{"line":42,"column":null}},"2":{"start":{"line":43,"column":4},"end":{"line":44,"column":null}},"3":{"start":{"line":43,"column":17},"end":{"line":43,"column":20}},"4":{"start":{"line":44,"column":6},"end":{"line":44,"column":null}},"5":{"start":{"line":46,"column":4},"end":{"line":46,"column":null}}},"fnMap":{"0":{"name":"(anonymous_0)","decl":{"start":{"line":41,"column":9},"end":{"line":41,"column":18}},"loc":{"start":{"line":41,"column":42},"end":{"line":46,"column":null}},"line":41}},"branchMap":{},"s":{"0":1,"1":67,"2":67,"3":67,"4":2427,"5":67},"f":{"0":1},"b":{},"meta":{"lastBranch":0,"lastFunction":1,"lastStatement":6,"seen":{"s:25:35:32:Infinity":0,"f:41:9:41:18":0,"s:42:15:42:Infinity":1,"s:43:4:44:Infinity":2,"s:43:17:43:20":3,"s:44:6:44:Infinity":4,"s:46:4:46:Infinity":5}}}
,"/Users/rdong/Documents/Github/pigment/client/src/tools/DrawingToolHandler.ts": {"path":"/Users/rdong/Documents/Github/pigment/client/src/tools/DrawingToolHandler.ts","statementMap":{"0":{"start":{"line":105,"column":33},"end":{"line":105,"column":52}},"1":{"start":{"line":137,"column":4},"end":{"line":137,"column":null}},"2":{"start":{"line":156,"column":4},"end":{"line":156,"column":null}}},"fnMap":{"0":{"name":"(anonymous_0)","decl":{"start":{"line":105,"column":2},"end":{"line":105,"column":14}},"loc":{"start":{"line":105,"column":52},"end":{"line":105,"column":52}},"line":105},"1":{"name":"(anonymous_1)","decl":{"start":{"line":131,"column":2},"end":{"line":131,"column":null}},"loc":{"start":{"line":136,"column":20},"end":{"line":137,"column":null}},"line":136},"2":{"name":"(anonymous_2)","decl":{"start":{"line":150,"column":2},"end":{"line":150,"column":null}},"loc":{"start":{"line":155,"column":19},"end":{"line":156,"column":null}},"line":155}},"branchMap":{},"s":{"0":16,"1":3,"2":2},"f":{"0":16,"1":3,"2":2},"b":{},"meta":{"lastBranch":0,"lastFunction":3,"lastStatement":3,"seen":{"f:105:2:105:14":0,"s:105:33:105:52":0,"f:131:2:131:Infinity":1,"s:137:4:137:Infinity":1,"f:150:2:150:Infinity":2,"s:156:4:156:Infinity":2}}}
,"/Users/rdong/Documents/Github/pigment/client/src/tools/EraserToolHandler.ts": {"path":"/Users/rdong/Documents/Github/pigment/client/src/tools/EraserToolHandler.ts","statementMap":{"0":{"start":{"line":7,"column":4},"end":{"line":7,"column":null}},"1":{"start":{"line":10,"column":4},"end":{"line":10,"column":null}},"2":{"start":{"line":19,"column":19},"end":{"line":19,"column":47}},"3":{"start":{"line":20,"column":37},"end":{"line":20,"column":39}},"4":{"start":{"line":22,"column":4},"end":{"line":28,"column":null}},"5":{"start":{"line":23,"column":6},"end":{"line":28,"column":null}},"6":{"start":{"line":24,"column":8},"end":{"line":25,"column":null}},"7":{"start":{"line":25,"column":10},"end":{"line":25,"column":null}},"8":{"start":{"line":27,"column":8},"end":{"line":28,"column":null}},"9":{"start":{"line":28,"column":10},"end":{"line":28,"column":null}},"10":{"start":{"line":33,"column":4},"end":{"line":33,"column":null}}},"fnMap":{"0":{"name":"(anonymous_0)","decl":{"start":{"line":6,"column":6},"end":{"line":6,"column":23}},"loc":{"start":{"line":6,"column":23},"end":{"line":7,"column":null}},"line":6},"1":{"name":"(anonymous_1)","decl":{"start":{"line":9,"column":6},"end":{"line":9,"column":34}},"loc":{"start":{"line":9,"column":34},"end":{"line":10,"column":null}},"line":9},"2":{"name":"(anonymous_2)","decl":{"start":{"line":13,"column":2},"end":{"line":13,"column":11}},"loc":{"start":{"line":18,"column":20},"end":{"line":33,"column":null}},"line":18}},"branchMap":{"0":{"loc":{"start":{"line":24,"column":8},"end":{"line":25,"column":null}},"type":"if","locations":[{"start":{"line":24,"column":8},"end":{"line":25,"column":null}},{"start":{},"end":{}}],"line":24},"1":{"loc":{"start":{"line":27,"column":8},"end":{"line":28,"column":null}},"type":"if","locations":[{"start":{"line":27,"column":8},"end":{"line":28,"column":null}},{"start":{},"end":{}}],"line":27}},"s":{"0":1,"1":1,"2":5,"3":5,"4":5,"5":4,"6":4,"7":1,"8":3,"9":2,"10":5},"f":{"0":1,"1":1,"2":5},"b":{"0":[1,3],"1":[2,1]},"meta":{"lastBranch":2,"lastFunction":3,"lastStatement":11,"seen":{"f:6:6:6:23":0,"s:7:4:7:Infinity":0,"f:9:6:9:34":1,"s:10:4:10:Infinity":1,"f:13:2:13:11":2,"s:19:19:19:47":2,"s:20:37:20:39":3,"s:22:4:28:Infinity":4,"s:23:6:28:Infinity":5,"b:24:8:25:Infinity:undefined:undefined:undefined:undefined":0,"s:24:8:25:Infinity":6,"s:25:10:25:Infinity":7,"b:27:8:28:Infinity:undefined:undefined:undefined:undefined":1,"s:27:8:28:Infinity":8,"s:28:10:28:Infinity":9,"s:33:4:33:Infinity":10}}}
,"/Users/rdong/Documents/Github/pigment/client/src/tools/HighlighterToolHandler.ts": {"path":"/Users/rdong/Documents/Github/pigment/client/src/tools/HighlighterToolHandler.ts","statementMap":{"0":{"start":{"line":7,"column":4},"end":{"line":7,"column":null}},"1":{"start":{"line":10,"column":4},"end":{"line":10,"column":null}},"2":{"start":{"line":19,"column":4},"end":{"line":20,"column":null}},"3":{"start":{"line":20,"column":6},"end":{"line":20,"column":null}},"4":{"start":{"line":22,"column":4},"end":{"line":33,"column":null}}},"fnMap":{"0":{"name":"(anonymous_0)","decl":{"start":{"line":6,"column":6},"end":{"line":6,"column":23}},"loc":{"start":{"line":6,"column":23},"end":{"line":7,"column":null}},"line":6},"1":{"name":"(anonymous_1)","decl":{"start":{"line":9,"column":6},"end":{"line":9,"column":34}},"loc":{"start":{"line":9,"column":34},"end":{"line":10,"column":null}},"line":9},"2":{"name":"(anonymous_2)","decl":{"start":{"line":13,"column":2},"end":{"line":13,"column":null}},"loc":{"start":{"line":18,"column":19},"end":{"line":33,"column":null}},"line":18}},"branchMap":{"0":{"loc":{"start":{"line":19,"column":4},"end":{"line":20,"column":null}},"type":"if","locations":[{"start":{"line":19,"column":4},"end":{"line":20,"column":null}},{"start":{},"end":{}}],"line":19}},"s":{"0":1,"1":1,"2":2,"3":1,"4":1},"f":{"0":1,"1":1,"2":2},"b":{"0":[1,1]},"meta":{"lastBranch":1,"lastFunction":3,"lastStatement":5,"seen":{"f:6:6:6:23":0,"s:7:4:7:Infinity":0,"f:9:6:9:34":1,"s:10:4:10:Infinity":1,"f:13:2:13:Infinity":2,"b:19:4:20:Infinity:undefined:undefined:undefined:undefined":0,"s:19:4:20:Infinity":2,"s:20:6:20:Infinity":3,"s:22:4:33:Infinity":4}}}
,"/Users/rdong/Documents/Github/pigment/client/src/tools/LassoToolHandler.ts": {"path":"/Users/rdong/Documents/Github/pigment/client/src/tools/LassoToolHandler.ts","statementMap":{"0":{"start":{"line":7,"column":4},"end":{"line":7,"column":null}},"1":{"start":{"line":10,"column":4},"end":{"line":10,"column":null}},"2":{"start":{"line":22,"column":4},"end":{"line":23,"column":null}},"3":{"start":{"line":23,"column":6},"end":{"line":23,"column":null}},"4":{"start":{"line":25,"column":22},"end":{"line":25,"column":39}},"5":{"start":{"line":26,"column":4},"end":{"line":29,"column":null}},"6":{"start":{"line":27,"column":6},"end":{"line":29,"column":null}},"7":{"start":{"line":28,"column":8},"end":{"line":29,"column":null}},"8":{"start":{"line":29,"column":10},"end":{"line":29,"column":null}},"9":{"start":{"line":33,"column":4},"end":{"line":33,"column":null}}},"fnMap":{"0":{"name":"(anonymous_0)","decl":{"start":{"line":6,"column":6},"end":{"line":6,"column":23}},"loc":{"start":{"line":6,"column":23},"end":{"line":7,"column":null}},"line":6},"1":{"name":"(anonymous_1)","decl":{"start":{"line":9,"column":6},"end":{"line":9,"column":34}},"loc":{"start":{"line":9,"column":34},"end":{"line":10,"column":null}},"line":9},"2":{"name":"(anonymous_2)","decl":{"start":{"line":16,"column":2},"end":{"line":16,"column":11}},"loc":{"start":{"line":21,"column":19},"end":{"line":33,"column":null}},"line":21}},"branchMap":{"0":{"loc":{"start":{"line":22,"column":4},"end":{"line":23,"column":null}},"type":"if","locations":[{"start":{"line":22,"column":4},"end":{"line":23,"column":null}},{"start":{},"end":{}}],"line":22},"1":{"loc":{"start":{"line":28,"column":8},"end":{"line":29,"column":null}},"type":"if","locations":[{"start":{"line":28,"column":8},"end":{"line":29,"column":null}},{"start":{},"end":{}}],"line":28}},"s":{"0":1,"1":1,"2":5,"3":2,"4":3,"5":3,"6":2,"7":2,"8":1,"9":3},"f":{"0":1,"1":1,"2":5},"b":{"0":[2,3],"1":[1,1]},"meta":{"lastBranch":2,"lastFunction":3,"lastStatement":10,"seen":{"f:6:6:6:23":0,"s:7:4:7:Infinity":0,"f:9:6:9:34":1,"s:10:4:10:Infinity":1,"f:16:2:16:11":2,"b:22:4:23:Infinity:undefined:undefined:undefined:undefined":0,"s:22:4:23:Infinity":2,"s:23:6:23:Infinity":3,"s:25:22:25:39":4,"s:26:4:29:Infinity":5,"s:27:6:29:Infinity":6,"b:28:8:29:Infinity:undefined:undefined:undefined:undefined":1,"s:28:8:29:Infinity":7,"s:29:10:29:Infinity":8,"s:33:4:33:Infinity":9}}}
,"/Users/rdong/Documents/Github/pigment/client/src/tools/PanToolHandler.ts": {"path":"/Users/rdong/Documents/Github/pigment/client/src/tools/PanToolHandler.ts","statementMap":{"0":{"start":{"line":5,"column":4},"end":{"line":5,"column":null}},"1":{"start":{"line":8,"column":4},"end":{"line":8,"column":null}}},"fnMap":{"0":{"name":"(anonymous_0)","decl":{"start":{"line":4,"column":6},"end":{"line":4,"column":23}},"loc":{"start":{"line":4,"column":23},"end":{"line":5,"column":null}},"line":4},"1":{"name":"(anonymous_1)","decl":{"start":{"line":7,"column":6},"end":{"line":7,"column":34}},"loc":{"start":{"line":7,"column":34},"end":{"line":8,"column":null}},"line":7}},"branchMap":{},"s":{"0":1,"1":1},"f":{"0":1,"1":1},"b":{},"meta":{"lastBranch":0,"lastFunction":2,"lastStatement":2,"seen":{"f:4:6:4:23":0,"s:5:4:5:Infinity":0,"f:7:6:7:34":1,"s:8:4:8:Infinity":1}}}
,"/Users/rdong/Documents/Github/pigment/client/src/tools/PenToolHandler.ts": {"path":"/Users/rdong/Documents/Github/pigment/client/src/tools/PenToolHandler.ts","statementMap":{"0":{"start":{"line":7,"column":4},"end":{"line":7,"column":null}},"1":{"start":{"line":10,"column":4},"end":{"line":10,"column":null}},"2":{"start":{"line":19,"column":4},"end":{"line":20,"column":null}},"3":{"start":{"line":20,"column":6},"end":{"line":20,"column":null}},"4":{"start":{"line":22,"column":4},"end":{"line":33,"column":null}}},"fnMap":{"0":{"name":"(anonymous_0)","decl":{"start":{"line":6,"column":6},"end":{"line":6,"column":23}},"loc":{"start":{"line":6,"column":23},"end":{"line":7,"column":null}},"line":6},"1":{"name":"(anonymous_1)","decl":{"start":{"line":9,"column":6},"end":{"line":9,"column":34}},"loc":{"start":{"line":9,"column":34},"end":{"line":10,"column":null}},"line":9},"2":{"name":"(anonymous_2)","decl":{"start":{"line":13,"column":2},"end":{"line":13,"column":null}},"loc":{"start":{"line":18,"column":19},"end":{"line":33,"column":null}},"line":18}},"branchMap":{"0":{"loc":{"start":{"line":19,"column":4},"end":{"line":20,"column":null}},"type":"if","locations":[{"start":{"line":19,"column":4},"end":{"line":20,"column":null}},{"start":{},"end":{}}],"line":19}},"s":{"0":2,"1":1,"2":5,"3":1,"4":4},"f":{"0":2,"1":1,"2":5},"b":{"0":[1,4]},"meta":{"lastBranch":1,"lastFunction":3,"lastStatement":5,"seen":{"f:6:6:6:23":0,"s:7:4:7:Infinity":0,"f:9:6:9:34":1,"s:10:4:10:Infinity":1,"f:13:2:13:Infinity":2,"b:19:4:20:Infinity:undefined:undefined:undefined:undefined":0,"s:19:4:20:Infinity":2,"s:20:6:20:Infinity":3,"s:22:4:33:Infinity":4}}}
,"/Users/rdong/Documents/Github/pigment/client/src/tools/TextToolHandler.ts": {"path":"/Users/rdong/Documents/Github/pigment/client/src/tools/TextToolHandler.ts","statementMap":{"0":{"start":{"line":12,"column":4},"end":{"line":12,"column":null}},"1":{"start":{"line":15,"column":4},"end":{"line":15,"column":null}}},"fnMap":{"0":{"name":"(anonymous_0)","decl":{"start":{"line":11,"column":6},"end":{"line":11,"column":23}},"loc":{"start":{"line":11,"column":23},"end":{"line":12,"column":null}},"line":11},"1":{"name":"(anonymous_1)","decl":{"start":{"line":14,"column":6},"end":{"line":14,"column":34}},"loc":{"start":{"line":14,"column":34},"end":{"line":15,"column":null}},"line":14}},"branchMap":{},"s":{"0":1,"1":1},"f":{"0":1,"1":1},"b":{},"meta":{"lastBranch":0,"lastFunction":2,"lastStatement":2,"seen":{"f:11:6:11:23":0,"s:12:4:12:Infinity":0,"f:14:6:14:34":1,"s:15:4:15:Infinity":1}}}
,"/Users/rdong/Documents/Github/pigment/client/src/tools/ToolHandlerFactory.ts": {"path":"/Users/rdong/Documents/Github/pigment/client/src/tools/ToolHandlerFactory.ts","statementMap":{"0":{"start":{"line":53,"column":4},"end":{"line":65,"column":null}},"1":{"start":{"line":55,"column":8},"end":{"line":55,"column":null}},"2":{"start":{"line":57,"column":8},"end":{"line":57,"column":null}},"3":{"start":{"line":59,"column":8},"end":{"line":59,"column":null}},"4":{"start":{"line":61,"column":8},"end":{"line":61,"column":null}},"5":{"start":{"line":63,"column":8},"end":{"line":63,"column":null}},"6":{"start":{"line":65,"column":8},"end":{"line":65,"column":null}}},"fnMap":{"0":{"name":"(anonymous_0)","decl":{"start":{"line":52,"column":9},"end":{"line":52,"column":16}},"loc":{"start":{"line":52,"column":55},"end":{"line":65,"column":null}},"line":52}},"branchMap":{"0":{"loc":{"start":{"line":53,"column":4},"end":{"line":65,"column":null}},"type":"switch","locations":[{"start":{"line":54,"column":6},"end":{"line":55,"column":null}},{"start":{"line":56,"column":6},"end":{"line":57,"column":null}},{"start":{"line":58,"column":6},"end":{"line":59,"column":null}},{"start":{"line":60,"column":6},"end":{"line":61,"column":null}},{"start":{"line":62,"column":6},"end":{"line":63,"column":null}},{"start":{"line":64,"column":6},"end":{"line":65,"column":null}}],"line":53}},"s":{"0":8,"1":4,"2":1,"3":1,"4":1,"5":1,"6":0},"f":{"0":1},"b":{"0":[4,1,1,1,1,0]},"meta":{"lastBranch":1,"lastFunction":1,"lastStatement":7,"seen":{"f:52:9:52:16":0,"b:54:6:55:Infinity:56:6:57:Infinity:58:6:59:Infinity:60:6:61:Infinity:62:6:63:Infinity:64:6:65:Infinity":0,"s:53:4:65:Infinity":0,"s:55:8:55:Infinity":1,"s:57:8:57:Infinity":2,"s:59:8:59:Infinity":3,"s:61:8:61:Infinity":4,"s:63:8:63:Infinity":5,"s:65:8:65:Infinity":6}}}
,"/Users/rdong/Documents/Github/pigment/client/src/types/canvas.ts": {"path":"/Users/rdong/Documents/Github/pigment/client/src/types/canvas.ts","statementMap":{"0":{"start":{"line":74,"column":2},"end":{"line":74,"column":null}},"1":{"start":{"line":78,"column":2},"end":{"line":79,"column":null}},"2":{"start":{"line":79,"column":4},"end":{"line":79,"column":null}},"3":{"start":{"line":81,"column":2},"end":{"line":82,"column":null}},"4":{"start":{"line":82,"column":4},"end":{"line":82,"column":null}},"5":{"start":{"line":85,"column":13},"end":{"line":85,"column":null}},"6":{"start":{"line":87,"column":2},"end":{"line":97,"column":null}},"7":{"start":{"line":87,"column":15},"end":{"line":87,"column":18}},"8":{"start":{"line":88,"column":15},"end":{"line":88,"column":null}},"9":{"start":{"line":89,"column":15},"end":{"line":89,"column":null}},"10":{"start":{"line":91,"column":10},"end":{"line":91,"column":null}},"11":{"start":{"line":92,"column":10},"end":{"line":92,"column":null}},"12":{"start":{"line":94,"column":4},"end":{"line":97,"column":null}},"13":{"start":{"line":95,"column":6},"end":{"line":95,"column":null}},"14":{"start":{"line":97,"column":6},"end":{"line":97,"column":null}},"15":{"start":{"line":101,"column":15},"end":{"line":101,"column":null}},"16":{"start":{"line":102,"column":2},"end":{"line":102,"column":null}},"17":{"start":{"line":104,"column":2},"end":{"line":104,"column":null}},"18":{"start":{"line":108,"column":17},"end":{"line":108,"column":70}},"19":{"start":{"line":109,"column":2},"end":{"line":115,"column":null}},"20":{"start":{"line":180,"column":35},"end":{"line":180,"column":null}},"21":{"start":{"line":181,"column":30},"end":{"line":198,"column":null}}},"fnMap":{"0":{"name":"generateId","decl":{"start":{"line":73,"column":16},"end":{"line":73,"column":37}},"loc":{"start":{"line":73,"column":37},"end":{"line":74,"column":null}},"line":73},"1":{"name":"pointsToSvgPath","decl":{"start":{"line":77,"column":16},"end":{"line":77,"column":32}},"loc":{"start":{"line":77,"column":57},"end":{"line":104,"column":null}},"line":77},"2":{"name":"hexToRgb","decl":{"start":{"line":107,"column":16},"end":{"line":107,"column":25}},"loc":{"start":{"line":107,"column":82},"end":{"line":115,"column":null}},"line":107}},"branchMap":{"0":{"loc":{"start":{"line":78,"column":2},"end":{"line":79,"column":null}},"type":"if","locations":[{"start":{"line":78,"column":2},"end":{"line":79,"column":null}},{"start":{},"end":{}}],"line":78},"1":{"loc":{"start":{"line":81,"column":2},"end":{"line":82,"column":null}},"type":"if","locations":[{"start":{"line":81,"column":2},"end":{"line":82,"column":null}},{"start":{},"end":{}}],"line":81},"2":{"loc":{"start":{"line":94,"column":4},"end":{"line":97,"column":null}},"type":"if","locations":[{"start":{"line":94,"column":4},"end":{"line":97,"column":null}},{"start":{"line":96,"column":11},"end":{"line":97,"column":null}}],"line":94},"3":{"loc":{"start":{"line":109,"column":9},"end":{"line":115,"column":null}},"type":"cond-expr","locations":[{"start":{"line":110,"column":6},"end":{"line":114,"column":null}},{"start":{"line":115,"column":6},"end":{"line":115,"column":null}}],"line":109}},"s":{"0":132,"1":8,"2":1,"3":7,"4":1,"5":6,"6":6,"7":6,"8":10,"9":10,"10":10,"11":10,"12":10,"13":6,"14":4,"15":6,"16":6,"17":6,"18":11,"19":11,"20":4,"21":4},"f":{"0":132,"1":8,"2":11},"b":{"0":[1,7],"1":[1,6],"2":[6,4],"3":[7,4]},"meta":{"lastBranch":4,"lastFunction":3,"lastStatement":22,"seen":{"f:73:16:73:37":0,"s:74:2:74:Infinity":0,"f:77:16:77:32":1,"b:78:2:79:Infinity:undefined:undefined:undefined:undefined":0,"s:78:2:79:Infinity":1,"s:79:4:79:Infinity":2,"b:81:2:82:Infinity:undefined:undefined:undefined:undefined":1,"s:81:2:82:Infinity":3,"s:82:4:82:Infinity":4,"s:85:13:85:Infinity":5,"s:87:2:97:Infinity":6,"s:87:15:87:18":7,"s:88:15:88:Infinity":8,"s:89:15:89:Infinity":9,"s:91:10:91:Infinity":10,"s:92:10:92:Infinity":11,"b:94:4:97:Infinity:96:11:97:Infinity":2,"s:94:4:97:Infinity":12,"s:95:6:95:Infinity":13,"s:97:6:97:Infinity":14,"s:101:15:101:Infinity":15,"s:102:2:102:Infinity":16,"s:104:2:104:Infinity":17,"f:107:16:107:25":2,"s:108:17:108:70":18,"s:109:2:115:Infinity":19,"b:110:6:114:Infinity:115:6:115:Infinity":3,"s:180:35:180:Infinity":20,"s:181:30:198:Infinity":21}}}
}
